#
# There is insufficient memory for the Java Runtime Environment to continue.
# Native memory allocation (malloc) failed to allocate 234976 bytes. Error detail: Chunk::new
# Possible reasons:
#   The system is out of physical RAM or swap space
#   This process is running with CompressedOops enabled, and the Java Heap may be blocking the growth of the native heap
# Possible solutions:
#   Reduce memory load on the system
#   Increase physical memory or swap space
#   Check if swap backing store is full
#   Decrease Java heap size (-Xmx/-Xms)
#   Decrease number of Java threads
#   Decrease Java thread stack sizes (-Xss)
#   Set larger code cache with -XX:ReservedCodeCacheSize=
#   JVM is running with Unscaled Compressed Oops mode in which the Java heap is
#     placed in the first 4GB address space. The Java Heap base address is the
#     maximum limit for the native heap growth. Please use -XX:HeapBaseMinAddress
#     to set the Java Heap base and to place the Java Heap above 4GB virtual address.
# This output file may be truncated or incomplete.
#
#  Out of Memory Error (arena.cpp:149), pid=3880, tid=29356
#
# JRE version: Java(TM) SE Runtime Environment (23.0.2+7) (build 23.0.2+7-58)
# Java VM: Java HotSpot(TM) 64-Bit Server VM (23.0.2+7-58, mixed mode, sharing, tiered, compressed oops, compressed class ptrs, g1 gc, windows-amd64)
# No core dump will be written. Minidumps are not enabled by default on client versions of Windows
#

---------------  S U M M A R Y ------------

Command Line: -Xmx64m -Xms64m -Dorg.gradle.appname=gradlew org.gradle.wrapper.GradleWrapperMain bootRun

Host: AMD Ryzen 9 5900HS with Radeon Graphics        , 16 cores, 15G,  Windows 11 , 64 bit Build 26100 (10.0.26100.2454)
Time: Wed Feb  5 04:12:35 2025 SE Asia Standard Time elapsed time: 20672.379701 seconds (0d 5h 44m 32s)

---------------  T H R E A D  ---------------

Current thread (0x00000203c316b790):  JavaThread "C2 CompilerThread0" daemon [_thread_in_native, id=29356, stack(0x0000003b2ea00000,0x0000003b2eb00000) (1024K)]


Current CompileTask:
C2:20672379 2539       4       org.gradle.internal.logging.console.BuildLogLevelFilterRenderer::onOutput (53 bytes)

Stack: [0x0000003b2ea00000,0x0000003b2eb00000]
Native frames: (J=compiled Java code, j=interpreted, Vv=VM code, C=native code)
V  [jvm.dll+0x6e0b99]  (no source info available)
V  [jvm.dll+0x87e2b3]  (no source info available)
V  [jvm.dll+0x88073e]  (no source info available)
V  [jvm.dll+0x880e13]  (no source info available)
V  [jvm.dll+0x27b006]  (no source info available)
V  [jvm.dll+0xbc06f]  (no source info available)
V  [jvm.dll+0xbc2cb]  (no source info available)
V  [jvm.dll+0x2eea6d]  (no source info available)
V  [jvm.dll+0x606669]  (no source info available)
V  [jvm.dll+0x24def2]  (no source info available)
V  [jvm.dll+0x2468f7]  (no source info available)
V  [jvm.dll+0x243e04]  (no source info available)
V  [jvm.dll+0x1c34b0]  (no source info available)
V  [jvm.dll+0x253df1]  (no source info available)
V  [jvm.dll+0x2520aa]  (no source info available)
V  [jvm.dll+0x3ee226]  (no source info available)
V  [jvm.dll+0x8254cb]  (no source info available)
V  [jvm.dll+0x6df345]  (no source info available)
C  [ucrtbase.dll+0x14ea0]  (no source info available)
C  [KERNEL32.DLL+0x2e8d7]  (no source info available)
C  [ntdll.dll+0xdfbcc]  (no source info available)

Lock stack of current Java thread (top to bottom):


---------------  P R O C E S S  ---------------

Threads class SMR info:
_java_thread_list=0x00000203c8a3eaa0, length=12, elements={
0x00000203e47d29d0, 0x00000203c3142c80, 0x00000203c3145300, 0x00000203c3147f70,
0x00000203c3148930, 0x00000203c3157010, 0x00000203c31577b0, 0x00000203c316b790,
0x00000203c316c590, 0x00000203c3349600, 0x00000203c334d8a0, 0x00000203c89278f0
}

Java Threads: ( => current thread )
  0x00000203e47d29d0 JavaThread "main"                              [_thread_in_native, id=20416, stack(0x0000003b2dc00000,0x0000003b2dd00000) (1024K)]
  0x00000203c3142c80 JavaThread "Reference Handler"          daemon [_thread_blocked, id=5284, stack(0x0000003b2e400000,0x0000003b2e500000) (1024K)]
  0x00000203c3145300 JavaThread "Finalizer"                  daemon [_thread_blocked, id=22708, stack(0x0000003b2e500000,0x0000003b2e600000) (1024K)]
  0x00000203c3147f70 JavaThread "Signal Dispatcher"          daemon [_thread_blocked, id=34560, stack(0x0000003b2e600000,0x0000003b2e700000) (1024K)]
  0x00000203c3148930 JavaThread "Attach Listener"            daemon [_thread_blocked, id=16624, stack(0x0000003b2e700000,0x0000003b2e800000) (1024K)]
  0x00000203c3157010 JavaThread "Service Thread"             daemon [_thread_blocked, id=22192, stack(0x0000003b2e800000,0x0000003b2e900000) (1024K)]
  0x00000203c31577b0 JavaThread "Monitor Deflation Thread"   daemon [_thread_blocked, id=15736, stack(0x0000003b2e900000,0x0000003b2ea00000) (1024K)]
=>0x00000203c316b790 JavaThread "C2 CompilerThread0"         daemon [_thread_in_native, id=29356, stack(0x0000003b2ea00000,0x0000003b2eb00000) (1024K)]
  0x00000203c316c590 JavaThread "C1 CompilerThread0"         daemon [_thread_blocked, id=10380, stack(0x0000003b2eb00000,0x0000003b2ec00000) (1024K)]
  0x00000203c3349600 JavaThread "Notification Thread"        daemon [_thread_blocked, id=36472, stack(0x0000003b2ed00000,0x0000003b2ee00000) (1024K)]
  0x00000203c334d8a0 JavaThread "Common-Cleaner"             daemon [_thread_blocked, id=27384, stack(0x0000003b2ee00000,0x0000003b2ef00000) (1024K)]
  0x00000203c89278f0 JavaThread "pool-1-thread-1"                   [_thread_blocked, id=31688, stack(0x0000003b2f200000,0x0000003b2f300000) (1024K)]
Total: 12

Other Threads:
  0x00000203c312be30 VMThread "VM Thread"                           [id=12360, stack(0x0000003b2e300000,0x0000003b2e400000) (1024K)]
  0x00000203c311cb30 WatcherThread "VM Periodic Task Thread"        [id=22548, stack(0x0000003b2e200000,0x0000003b2e300000) (1024K)]
  0x00000203e6b5a8c0 WorkerThread "GC Thread#0"                     [id=16804, stack(0x0000003b2dd00000,0x0000003b2de00000) (1024K)]
  0x00000203c8171900 WorkerThread "GC Thread#1"                     [id=22440, stack(0x0000003b2f400000,0x0000003b2f500000) (1024K)]
  0x00000203c3ad6550 WorkerThread "GC Thread#2"                     [id=25640, stack(0x0000003b2f500000,0x0000003b2f600000) (1024K)]
  0x00000203c3e75180 WorkerThread "GC Thread#3"                     [id=27988, stack(0x0000003b2f600000,0x0000003b2f700000) (1024K)]
  0x00000203c8963f00 WorkerThread "GC Thread#4"                     [id=31112, stack(0x0000003b2f300000,0x0000003b2f400000) (1024K)]
  0x00000203c8873f30 WorkerThread "GC Thread#5"                     [id=7880, stack(0x0000003b2f900000,0x0000003b2fa00000) (1024K)]
  0x00000203c88742e0 WorkerThread "GC Thread#6"                     [id=33844, stack(0x0000003b2fa00000,0x0000003b2fb00000) (1024K)]
  0x00000203c88751f0 WorkerThread "GC Thread#7"                     [id=32948, stack(0x0000003b2fb00000,0x0000003b2fc00000) (1024K)]
  0x00000203c8875d00 WorkerThread "GC Thread#8"                     [id=11392, stack(0x0000003b2d900000,0x0000003b2da00000) (1024K)]
  0x00000203c8874e40 WorkerThread "GC Thread#9"                     [id=16524, stack(0x0000003b2da00000,0x0000003b2db00000) (1024K)]
  0x00000203e6b5c220 ConcurrentGCThread "G1 Main Marker"            [id=13860, stack(0x0000003b2de00000,0x0000003b2df00000) (1024K)]
  0x00000203e6b5db60 WorkerThread "G1 Conc#0"                       [id=2412, stack(0x0000003b2df00000,0x0000003b2e000000) (1024K)]
  0x00000203e6bec020 ConcurrentGCThread "G1 Refine#0"               [id=24656, stack(0x0000003b2e000000,0x0000003b2e100000) (1024K)]
  0x00000203e6bee470 ConcurrentGCThread "G1 Service"                [id=30744, stack(0x0000003b2e100000,0x0000003b2e200000) (1024K)]
Total: 16

Threads with active compile tasks:
C2 CompilerThread0  20673414 2539       4       org.gradle.internal.logging.console.BuildLogLevelFilterRenderer::onOutput (53 bytes)
Total: 1

VM state: not at safepoint (normal execution)

VM Mutex/Monitor currently owned by a thread: None

Heap address: 0x00000000fc000000, size: 64 MB, Compressed Oops mode: 32-bit

CDS archive(s) mapped at: [0x0000020382000000-0x0000020382d70000-0x0000020382d70000), size 14090240, SharedBaseAddress: 0x0000020382000000, ArchiveRelocationMode: 1.
Compressed class space mapped at: 0x0000020383000000-0x00000203c3000000, reserved size: 1073741824
Narrow klass base: 0x0000020382000000, Narrow klass shift: 0, Narrow klass range: 0x41000000

GC Precious Log:
 CardTable entry size: 512
 Card Set container configuration: InlinePtr #cards 5 size 8 Array Of Cards #cards 10 size 36 Howl #buckets 4 coarsen threshold 1843 Howl Bitmap #cards 512 size 80 coarsen threshold 460 Card regions per heap region 1 cards per card region 2048
 CPUs: 16 total, 16 available
 Memory: 15776M
 Large Page Support: Disabled
 NUMA Support: Disabled
 Compressed Oops: Enabled (32-bit)
 Heap Region Size: 1M
 Heap Min Capacity: 64M
 Heap Initial Capacity: 64M
 Heap Max Capacity: 64M
 Pre-touch: Disabled
 Parallel Workers: 13
 Concurrent Workers: 3
 Concurrent Refinement Workers: 13
 Periodic GC: Disabled

Heap:
 garbage-first heap   total reserved 65536K, committed 65536K, used 15742K [0x00000000fc000000, 0x0000000100000000)
  region size 1024K, 5 young (5120K), 1 survivors (1024K)
 Metaspace       used 10366K, committed 10688K, reserved 1114112K
  class space    used 1384K, committed 1536K, reserved 1048576K

Heap Regions: E=young(eden), S=young(survivor), O=old, HS=humongous(starts), HC=humongous(continues), CS=collection set, F=free, TAMS=top-at-mark-start, PB=parsable bottom
|   0|0x00000000fc000000, 0x00000000fc100000, 0x00000000fc100000|100%| O|  |TAMS 0x00000000fc000000| PB 0x00000000fc000000| Untracked |  0
|   1|0x00000000fc100000, 0x00000000fc200000, 0x00000000fc200000|100%| O|  |TAMS 0x00000000fc100000| PB 0x00000000fc100000| Untracked |  0
|   2|0x00000000fc200000, 0x00000000fc300000, 0x00000000fc300000|100%|HS|  |TAMS 0x00000000fc200000| PB 0x00000000fc200000| Complete |  0
|   3|0x00000000fc300000, 0x00000000fc400000, 0x00000000fc400000|100%|HC|  |TAMS 0x00000000fc300000| PB 0x00000000fc300000| Complete |  0
|   4|0x00000000fc400000, 0x00000000fc500000, 0x00000000fc500000|100%|HC|  |TAMS 0x00000000fc400000| PB 0x00000000fc400000| Complete |  0
|   5|0x00000000fc500000, 0x00000000fc600000, 0x00000000fc600000|100%| O|  |TAMS 0x00000000fc500000| PB 0x00000000fc500000| Untracked |  0
|   6|0x00000000fc600000, 0x00000000fc700000, 0x00000000fc700000|100%| O|  |TAMS 0x00000000fc600000| PB 0x00000000fc600000| Untracked |  0
|   7|0x00000000fc700000, 0x00000000fc800000, 0x00000000fc800000|100%| O|  |TAMS 0x00000000fc700000| PB 0x00000000fc700000| Untracked |  0
|   8|0x00000000fc800000, 0x00000000fc900000, 0x00000000fc900000|100%| O|  |TAMS 0x00000000fc800000| PB 0x00000000fc800000| Untracked |  0
|   9|0x00000000fc900000, 0x00000000fca00000, 0x00000000fca00000|100%| O|  |TAMS 0x00000000fc900000| PB 0x00000000fc900000| Untracked |  0
|  10|0x00000000fca00000, 0x00000000fcb00000, 0x00000000fcb00000|100%| O|  |TAMS 0x00000000fca00000| PB 0x00000000fca00000| Untracked |  0
|  11|0x00000000fcb00000, 0x00000000fcb69000, 0x00000000fcc00000| 41%| O|  |TAMS 0x00000000fcb00000| PB 0x00000000fcb00000| Untracked |  0
|  12|0x00000000fcc00000, 0x00000000fcc00000, 0x00000000fcd00000|  0%| F|  |TAMS 0x00000000fcc00000| PB 0x00000000fcc00000| Untracked |  0
|  13|0x00000000fcd00000, 0x00000000fcd00000, 0x00000000fce00000|  0%| F|  |TAMS 0x00000000fcd00000| PB 0x00000000fcd00000| Untracked |  0
|  14|0x00000000fce00000, 0x00000000fce00000, 0x00000000fcf00000|  0%| F|  |TAMS 0x00000000fce00000| PB 0x00000000fce00000| Untracked |  0
|  15|0x00000000fcf00000, 0x00000000fcf00000, 0x00000000fd000000|  0%| F|  |TAMS 0x00000000fcf00000| PB 0x00000000fcf00000| Untracked |  0
|  16|0x00000000fd000000, 0x00000000fd000000, 0x00000000fd100000|  0%| F|  |TAMS 0x00000000fd000000| PB 0x00000000fd000000| Untracked |  0
|  17|0x00000000fd100000, 0x00000000fd100000, 0x00000000fd200000|  0%| F|  |TAMS 0x00000000fd100000| PB 0x00000000fd100000| Untracked |  0
|  18|0x00000000fd200000, 0x00000000fd200000, 0x00000000fd300000|  0%| F|  |TAMS 0x00000000fd200000| PB 0x00000000fd200000| Untracked |  0
|  19|0x00000000fd300000, 0x00000000fd300000, 0x00000000fd400000|  0%| F|  |TAMS 0x00000000fd300000| PB 0x00000000fd300000| Untracked |  0
|  20|0x00000000fd400000, 0x00000000fd400000, 0x00000000fd500000|  0%| F|  |TAMS 0x00000000fd400000| PB 0x00000000fd400000| Untracked |  0
|  21|0x00000000fd500000, 0x00000000fd500000, 0x00000000fd600000|  0%| F|  |TAMS 0x00000000fd500000| PB 0x00000000fd500000| Untracked |  0
|  22|0x00000000fd600000, 0x00000000fd600000, 0x00000000fd700000|  0%| F|  |TAMS 0x00000000fd600000| PB 0x00000000fd600000| Untracked |  0
|  23|0x00000000fd700000, 0x00000000fd700000, 0x00000000fd800000|  0%| F|  |TAMS 0x00000000fd700000| PB 0x00000000fd700000| Untracked |  0
|  24|0x00000000fd800000, 0x00000000fd800000, 0x00000000fd900000|  0%| F|  |TAMS 0x00000000fd800000| PB 0x00000000fd800000| Untracked |  0
|  25|0x00000000fd900000, 0x00000000fd900000, 0x00000000fda00000|  0%| F|  |TAMS 0x00000000fd900000| PB 0x00000000fd900000| Untracked |  0
|  26|0x00000000fda00000, 0x00000000fdaf69b0, 0x00000000fdb00000| 96%| S|CS|TAMS 0x00000000fda00000| PB 0x00000000fda00000| Complete |  0
|  27|0x00000000fdb00000, 0x00000000fdb00000, 0x00000000fdc00000|  0%| F|  |TAMS 0x00000000fdb00000| PB 0x00000000fdb00000| Untracked |  0
|  28|0x00000000fdc00000, 0x00000000fdc00000, 0x00000000fdd00000|  0%| F|  |TAMS 0x00000000fdc00000| PB 0x00000000fdc00000| Untracked |  0
|  29|0x00000000fdd00000, 0x00000000fdd00000, 0x00000000fde00000|  0%| F|  |TAMS 0x00000000fdd00000| PB 0x00000000fdd00000| Untracked |  0
|  30|0x00000000fde00000, 0x00000000fde00000, 0x00000000fdf00000|  0%| F|  |TAMS 0x00000000fde00000| PB 0x00000000fde00000| Untracked |  0
|  31|0x00000000fdf00000, 0x00000000fdf00000, 0x00000000fe000000|  0%| F|  |TAMS 0x00000000fdf00000| PB 0x00000000fdf00000| Untracked |  0
|  32|0x00000000fe000000, 0x00000000fe000000, 0x00000000fe100000|  0%| F|  |TAMS 0x00000000fe000000| PB 0x00000000fe000000| Untracked |  0
|  33|0x00000000fe100000, 0x00000000fe100000, 0x00000000fe200000|  0%| F|  |TAMS 0x00000000fe100000| PB 0x00000000fe100000| Untracked |  0
|  34|0x00000000fe200000, 0x00000000fe200000, 0x00000000fe300000|  0%| F|  |TAMS 0x00000000fe200000| PB 0x00000000fe200000| Untracked |  0
|  35|0x00000000fe300000, 0x00000000fe300000, 0x00000000fe400000|  0%| F|  |TAMS 0x00000000fe300000| PB 0x00000000fe300000| Untracked |  0
|  36|0x00000000fe400000, 0x00000000fe400000, 0x00000000fe500000|  0%| F|  |TAMS 0x00000000fe400000| PB 0x00000000fe400000| Untracked |  0
|  37|0x00000000fe500000, 0x00000000fe500000, 0x00000000fe600000|  0%| F|  |TAMS 0x00000000fe500000| PB 0x00000000fe500000| Untracked |  0
|  38|0x00000000fe600000, 0x00000000fe600000, 0x00000000fe700000|  0%| F|  |TAMS 0x00000000fe600000| PB 0x00000000fe600000| Untracked |  0
|  39|0x00000000fe700000, 0x00000000fe700000, 0x00000000fe800000|  0%| F|  |TAMS 0x00000000fe700000| PB 0x00000000fe700000| Untracked |  0
|  40|0x00000000fe800000, 0x00000000fe800000, 0x00000000fe900000|  0%| F|  |TAMS 0x00000000fe800000| PB 0x00000000fe800000| Untracked |  0
|  41|0x00000000fe900000, 0x00000000fe900000, 0x00000000fea00000|  0%| F|  |TAMS 0x00000000fe900000| PB 0x00000000fe900000| Untracked |  0
|  42|0x00000000fea00000, 0x00000000fea00000, 0x00000000feb00000|  0%| F|  |TAMS 0x00000000fea00000| PB 0x00000000fea00000| Untracked |  0
|  43|0x00000000feb00000, 0x00000000feb00000, 0x00000000fec00000|  0%| F|  |TAMS 0x00000000feb00000| PB 0x00000000feb00000| Untracked |  0
|  44|0x00000000fec00000, 0x00000000fec00000, 0x00000000fed00000|  0%| F|  |TAMS 0x00000000fec00000| PB 0x00000000fec00000| Untracked |  0
|  45|0x00000000fed00000, 0x00000000fed00000, 0x00000000fee00000|  0%| F|  |TAMS 0x00000000fed00000| PB 0x00000000fed00000| Untracked |  0
|  46|0x00000000fee00000, 0x00000000fee00000, 0x00000000fef00000|  0%| F|  |TAMS 0x00000000fee00000| PB 0x00000000fee00000| Untracked |  0
|  47|0x00000000fef00000, 0x00000000fef00000, 0x00000000ff000000|  0%| F|  |TAMS 0x00000000fef00000| PB 0x00000000fef00000| Untracked |  0
|  48|0x00000000ff000000, 0x00000000ff000000, 0x00000000ff100000|  0%| F|  |TAMS 0x00000000ff000000| PB 0x00000000ff000000| Untracked |  0
|  49|0x00000000ff100000, 0x00000000ff100000, 0x00000000ff200000|  0%| F|  |TAMS 0x00000000ff100000| PB 0x00000000ff100000| Untracked |  0
|  50|0x00000000ff200000, 0x00000000ff200000, 0x00000000ff300000|  0%| F|  |TAMS 0x00000000ff200000| PB 0x00000000ff200000| Untracked |  0
|  51|0x00000000ff300000, 0x00000000ff300000, 0x00000000ff400000|  0%| F|  |TAMS 0x00000000ff300000| PB 0x00000000ff300000| Untracked |  0
|  52|0x00000000ff400000, 0x00000000ff400000, 0x00000000ff500000|  0%| F|  |TAMS 0x00000000ff400000| PB 0x00000000ff400000| Untracked |  0
|  53|0x00000000ff500000, 0x00000000ff500000, 0x00000000ff600000|  0%| F|  |TAMS 0x00000000ff500000| PB 0x00000000ff500000| Untracked |  0
|  54|0x00000000ff600000, 0x00000000ff600000, 0x00000000ff700000|  0%| F|  |TAMS 0x00000000ff600000| PB 0x00000000ff600000| Untracked |  0
|  55|0x00000000ff700000, 0x00000000ff700000, 0x00000000ff800000|  0%| F|  |TAMS 0x00000000ff700000| PB 0x00000000ff700000| Untracked |  0
|  56|0x00000000ff800000, 0x00000000ff800000, 0x00000000ff900000|  0%| F|  |TAMS 0x00000000ff800000| PB 0x00000000ff800000| Untracked |  0
|  57|0x00000000ff900000, 0x00000000ff900000, 0x00000000ffa00000|  0%| F|  |TAMS 0x00000000ff900000| PB 0x00000000ff900000| Untracked |  0
|  58|0x00000000ffa00000, 0x00000000ffa00000, 0x00000000ffb00000|  0%| F|  |TAMS 0x00000000ffa00000| PB 0x00000000ffa00000| Untracked |  0
|  59|0x00000000ffb00000, 0x00000000ffb00000, 0x00000000ffc00000|  0%| F|  |TAMS 0x00000000ffb00000| PB 0x00000000ffb00000| Untracked |  0
|  60|0x00000000ffc00000, 0x00000000ffc80000, 0x00000000ffd00000| 50%| E|  |TAMS 0x00000000ffc00000| PB 0x00000000ffc00000| Complete |  0
|  61|0x00000000ffd00000, 0x00000000ffe00000, 0x00000000ffe00000|100%| E|CS|TAMS 0x00000000ffd00000| PB 0x00000000ffd00000| Complete |  0
|  62|0x00000000ffe00000, 0x00000000fff00000, 0x00000000fff00000|100%| E|CS|TAMS 0x00000000ffe00000| PB 0x00000000ffe00000| Complete |  0
|  63|0x00000000fff00000, 0x0000000100000000, 0x0000000100000000|100%| E|CS|TAMS 0x00000000fff00000| PB 0x00000000fff00000| Complete |  0

Card table byte_map: [0x00000203e62c0000,0x00000203e62e0000] _byte_map_base: 0x00000203e5ae0000

Marking Bits: (CMBitMap*) 0x00000203e6b5aee0
 Bits: [0x00000203feb00000, 0x00000203fec00000)

Polling page: 0x00000203e4770000

Metaspace:

Usage:
  Non-class:      8.77 MB used.
      Class:      1.35 MB used.
       Both:     10.12 MB used.

Virtual space:
  Non-class space:       64.00 MB reserved,       8.94 MB ( 14%) committed,  1 nodes.
      Class space:        1.00 GB reserved,       1.50 MB ( <1%) committed,  1 nodes.
             Both:        1.06 GB reserved,      10.44 MB ( <1%) committed. 

Chunk freelists:
   Non-Class:  6.17 MB
       Class:  14.48 MB
        Both:  20.66 MB

MaxMetaspaceSize: unlimited
CompressedClassSpaceSize: 1.00 GB
Initial GC threshold: 21.00 MB
Current GC threshold: 21.00 MB
CDS: on
 - commit_granule_bytes: 65536.
 - commit_granule_words: 8192.
 - virtual_space_node_default_size: 8388608.
 - enlarge_chunks_in_place: 1.
 - use_allocation_guard: 0.


Internal statistics:

num_allocs_failed_limit: 0.
num_arena_births: 256.
num_arena_deaths: 0.
num_vsnodes_births: 2.
num_vsnodes_deaths: 0.
num_space_committed: 167.
num_space_uncommitted: 0.
num_chunks_returned_to_freelist: 0.
num_chunks_taken_from_freelist: 550.
num_chunk_merges: 0.
num_chunk_splits: 362.
num_chunks_enlarged: 266.
num_inconsistent_stats: 0.

CodeHeap 'non-profiled nmethods': size=119232Kb used=1037Kb max_used=1037Kb free=118194Kb
 bounds [0x00000203f6e10000, 0x00000203f7080000, 0x00000203fe280000]
CodeHeap 'profiled nmethods': size=119104Kb used=3484Kb max_used=3484Kb free=115619Kb
 bounds [0x00000203ef280000, 0x00000203ef5f0000, 0x00000203f66d0000]
CodeHeap 'non-nmethods': size=7424Kb used=1413Kb max_used=3119Kb free=6010Kb
 bounds [0x00000203f66d0000, 0x00000203f69f0000, 0x00000203f6e10000]
CodeCache: size=245760Kb, used=5934Kb, max_used=7640Kb, free=239823Kb
 total_blobs=3053, nmethods=2539, adapters=419, full_count=0
Compilation: enabled, stopped_count=0, restarted_count=0

Compilation events (20 events):
Event: 13371.067 Thread 0x00000203c316b790 nmethod 2530 0x00000203f6f0fd88 code [0x00000203f6f0fe80, 0x00000203f6f0ff10]
Event: 13374.041 Thread 0x00000203c316b790 2531       4       java.nio.ByteBuffer::clear (7 bytes)
Event: 13374.042 Thread 0x00000203c316b790 nmethod 2531 0x00000203f6f10088 code [0x00000203f6f10180, 0x00000203f6f10210]
Event: 13447.039 Thread 0x00000203c316c590 2532       3       sun.nio.cs.StreamEncoder::writeBytes (93 bytes)
Event: 13447.042 Thread 0x00000203c316c590 nmethod 2532 0x00000203ef5e3388 code [0x00000203ef5e3560, 0x00000203ef5e3e10]
Event: 13525.045 Thread 0x00000203c316b790 2533   !   4       java.io.BufferedOutputStream::write (73 bytes)
Event: 13525.069 Thread 0x00000203c316b790 nmethod 2533 0x00000203f6f10388 code [0x00000203f6f10500, 0x00000203f6f10b28]
Event: 14642.052 Thread 0x00000203c316c590 2534       3       org.fusesource.jansi.Ansi::eraseLine (11 bytes)
Event: 14642.054 Thread 0x00000203c316c590 nmethod 2534 0x00000203ef5e3e88 code [0x00000203ef5e3fa0, 0x00000203ef5e4100]
Event: 15130.872 Thread 0x00000203c316c590 2535       3       java.lang.ref.ReferenceQueue::await (15 bytes)
Event: 15130.875 Thread 0x00000203c316c590 nmethod 2535 0x00000203ef5e4188 code [0x00000203ef5e42c0, 0x00000203ef5e4460]
Event: 15130.875 Thread 0x00000203c316c590 2536       3       java.util.concurrent.locks.AbstractQueuedSynchronizer$ConditionObject::await (207 bytes)
Event: 15130.883 Thread 0x00000203c316c590 nmethod 2536 0x00000203ef5e4508 code [0x00000203ef5e4780, 0x00000203ef5e5620]
Event: 17827.145 Thread 0x00000203c316b790 2537       4       sun.nio.cs.StreamEncoder::implWrite (145 bytes)
Event: 17827.173 Thread 0x00000203c316b790 nmethod 2537 0x00000203f6f10c08 code [0x00000203f6f10dc0, 0x00000203f6f117c0]
Event: 18439.142 Thread 0x00000203c316b790 2538       4       sun.nio.cs.StreamEncoder::writeBytes (93 bytes)
Event: 18439.183 Thread 0x00000203c316b790 nmethod 2538 0x00000203f6f11908 code [0x00000203f6f11be0, 0x00000203f6f133f8]
Event: 20663.243 Thread 0x00000203c316b790 2539       4       org.gradle.internal.logging.console.BuildLogLevelFilterRenderer::onOutput (53 bytes)
Event: 20665.842 Thread 0x00000203c316c590 2541       3       org.gradle.internal.logging.console.BuildStatusRenderer::onOutput (350 bytes)
Event: 20668.325 Thread 0x00000203c316c590 nmethod 2541 0x00000203ef5e5688 code [0x00000203ef5e5940, 0x00000203ef5e70d8]

GC Heap History (16 events):
Event: 0.389 GC heap before
{Heap before GC invocations=0 (full 0):
 garbage-first heap   total reserved 65536K, committed 65536K, used 23552K [0x00000000fc000000, 0x0000000100000000)
  region size 1024K, 24 young (24576K), 0 survivors (0K)
 Metaspace       used 1712K, committed 1920K, reserved 1114112K
  class space    used 152K, committed 256K, reserved 1048576K
}
Event: 0.393 GC heap after
{Heap after GC invocations=1 (full 0):
 garbage-first heap   total reserved 65536K, committed 65536K, used 4304K [0x00000000fc000000, 0x0000000100000000)
  region size 1024K, 3 young (3072K), 3 survivors (3072K)
 Metaspace       used 1712K, committed 1920K, reserved 1114112K
  class space    used 152K, committed 256K, reserved 1048576K
}
Event: 0.857 GC heap before
{Heap before GC invocations=1 (full 0):
 garbage-first heap   total reserved 65536K, committed 65536K, used 29904K [0x00000000fc000000, 0x0000000100000000)
  region size 1024K, 26 young (26624K), 3 survivors (3072K)
 Metaspace       used 7322K, committed 7552K, reserved 1114112K
  class space    used 1007K, committed 1088K, reserved 1048576K
}
Event: 0.861 GC heap after
{Heap after GC invocations=2 (full 0):
 garbage-first heap   total reserved 65536K, committed 65536K, used 11506K [0x00000000fc000000, 0x0000000100000000)
  region size 1024K, 4 young (4096K), 4 survivors (4096K)
 Metaspace       used 7322K, committed 7552K, reserved 1114112K
  class space    used 1007K, committed 1088K, reserved 1048576K
}
Event: 1689.057 GC heap before
{Heap before GC invocations=2 (full 0):
 garbage-first heap   total reserved 65536K, committed 65536K, used 38130K [0x00000000fc000000, 0x0000000100000000)
  region size 1024K, 30 young (30720K), 4 survivors (4096K)
 Metaspace       used 10330K, committed 10688K, reserved 1114112K
  class space    used 1384K, committed 1536K, reserved 1048576K
}
Event: 1689.117 GC heap after
{Heap after GC invocations=3 (full 0):
 garbage-first heap   total reserved 65536K, committed 65536K, used 12831K [0x00000000fc000000, 0x0000000100000000)
  region size 1024K, 2 young (2048K), 2 survivors (2048K)
 Metaspace       used 10330K, committed 10688K, reserved 1114112K
  class space    used 1384K, committed 1536K, reserved 1048576K
}
Event: 4862.451 GC heap before
{Heap before GC invocations=3 (full 0):
 garbage-first heap   total reserved 65536K, committed 65536K, used 41503K [0x00000000fc000000, 0x0000000100000000)
  region size 1024K, 30 young (30720K), 2 survivors (2048K)
 Metaspace       used 10331K, committed 10688K, reserved 1114112K
  class space    used 1384K, committed 1536K, reserved 1048576K
}
Event: 4862.478 GC heap after
{Heap after GC invocations=4 (full 0):
 garbage-first heap   total reserved 65536K, committed 65536K, used 12651K [0x00000000fc000000, 0x0000000100000000)
  region size 1024K, 1 young (1024K), 1 survivors (1024K)
 Metaspace       used 10331K, committed 10688K, reserved 1114112K
  class space    used 1384K, committed 1536K, reserved 1048576K
}
Event: 8417.848 GC heap before
{Heap before GC invocations=4 (full 0):
 garbage-first heap   total reserved 65536K, committed 65536K, used 44395K [0x00000000fc000000, 0x0000000100000000)
  region size 1024K, 32 young (32768K), 1 survivors (1024K)
 Metaspace       used 10352K, committed 10688K, reserved 1114112K
  class space    used 1384K, committed 1536K, reserved 1048576K
}
Event: 8417.888 GC heap after
{Heap after GC invocations=5 (full 0):
 garbage-first heap   total reserved 65536K, committed 65536K, used 12700K [0x00000000fc000000, 0x0000000100000000)
  region size 1024K, 1 young (1024K), 1 survivors (1024K)
 Metaspace       used 10352K, committed 10688K, reserved 1114112K
  class space    used 1384K, committed 1536K, reserved 1048576K
}
Event: 12214.353 GC heap before
{Heap before GC invocations=5 (full 0):
 garbage-first heap   total reserved 65536K, committed 65536K, used 46492K [0x00000000fc000000, 0x0000000100000000)
  region size 1024K, 34 young (34816K), 1 survivors (1024K)
 Metaspace       used 10354K, committed 10688K, reserved 1114112K
  class space    used 1384K, committed 1536K, reserved 1048576K
}
Event: 12214.397 GC heap after
{Heap after GC invocations=6 (full 0):
 garbage-first heap   total reserved 65536K, committed 65536K, used 12700K [0x00000000fc000000, 0x0000000100000000)
  region size 1024K, 1 young (1024K), 1 survivors (1024K)
 Metaspace       used 10354K, committed 10688K, reserved 1114112K
  class space    used 1384K, committed 1536K, reserved 1048576K
}
Event: 16163.751 GC heap before
{Heap before GC invocations=6 (full 0):
 garbage-first heap   total reserved 65536K, committed 65536K, used 48540K [0x00000000fc000000, 0x0000000100000000)
  region size 1024K, 36 young (36864K), 1 survivors (1024K)
 Metaspace       used 10366K, committed 10688K, reserved 1114112K
  class space    used 1384K, committed 1536K, reserved 1048576K
}
Event: 16163.781 GC heap after
{Heap after GC invocations=7 (full 0):
 garbage-first heap   total reserved 65536K, committed 65536K, used 12654K [0x00000000fc000000, 0x0000000100000000)
  region size 1024K, 1 young (1024K), 1 survivors (1024K)
 Metaspace       used 10366K, committed 10688K, reserved 1114112K
  class space    used 1384K, committed 1536K, reserved 1048576K
}
Event: 20312.559 GC heap before
{Heap before GC invocations=7 (full 0):
 garbage-first heap   total reserved 65536K, committed 65536K, used 49518K [0x00000000fc000000, 0x0000000100000000)
  region size 1024K, 37 young (37888K), 1 survivors (1024K)
 Metaspace       used 10366K, committed 10688K, reserved 1114112K
  class space    used 1384K, committed 1536K, reserved 1048576K
}
Event: 20312.582 GC heap after
{Heap after GC invocations=8 (full 0):
 garbage-first heap   total reserved 65536K, committed 65536K, used 12670K [0x00000000fc000000, 0x0000000100000000)
  region size 1024K, 1 young (1024K), 1 survivors (1024K)
 Metaspace       used 10366K, committed 10688K, reserved 1114112K
  class space    used 1384K, committed 1536K, reserved 1048576K
}

Dll operation events (13 events):
Event: 0.009 Loaded shared library C:\Program Files\Java\jdk-23\bin\java.dll
Event: 0.035 Loaded shared library C:\Program Files\Java\jdk-23\bin\jsvml.dll
Event: 0.050 Loaded shared library C:\Program Files\Java\jdk-23\bin\net.dll
Event: 0.051 Loaded shared library C:\Program Files\Java\jdk-23\bin\nio.dll
Event: 0.055 Loaded shared library C:\Program Files\Java\jdk-23\bin\zip.dll
Event: 0.058 Loaded shared library C:\Program Files\Java\jdk-23\bin\verify.dll
Event: 0.326 Loaded shared library C:\Program Files\Java\jdk-23\bin\jimage.dll
Event: 0.639 Loaded shared library C:\Program Files\Java\jdk-23\bin\management.dll
Event: 0.641 Loaded shared library C:\Program Files\Java\jdk-23\bin\management_ext.dll
Event: 0.704 Loaded shared library C:\Users\shalh\.gradle\native\c067742578af261105cb4f569cf0c3c89f3d7b1fecec35dd04571415982c5e48\windows-amd64\native-platform.dll
Event: 0.720 Loaded shared library C:\Users\shalh\.gradle\native\jansi\1.18\windows64\jansi.dll
Event: 1.045 Loaded shared library C:\Program Files\Java\jdk-23\bin\extnet.dll
Event: 1.102 Loaded shared library C:\Program Files\Java\jdk-23\bin\sunmscapi.dll

Deoptimization events (20 events):
Event: 12780.682 Thread 0x00000203c89278f0 Uncommon trap: trap_request=0xffffff45 fr.pc=0x00000203f6f0abf4 relative=0x00000000000005f4
Event: 12780.683 Thread 0x00000203c89278f0 Uncommon trap: reason=unstable_if action=reinterpret pc=0x00000203f6f0abf4 method=sun.nio.cs.UTF_8$Encoder.encodeArrayLoop(Ljava/nio/CharBuffer;Ljava/nio/ByteBuffer;)Ljava/nio/charset/CoderResult; @ 103 c2
Event: 12780.685 Thread 0x00000203c89278f0 DEOPT PACKING pc=0x00000203f6f0abf4 sp=0x0000003b2f2fe940
Event: 12780.685 Thread 0x00000203c89278f0 DEOPT UNPACKING pc=0x00000203f6724402 sp=0x0000003b2f2fe758 mode 2
Event: 13320.088 Thread 0x00000203c89278f0 Uncommon trap: trap_request=0xffffff9d fr.pc=0x00000203f6f06a78 relative=0x00000000000015b8
Event: 13320.088 Thread 0x00000203c89278f0 Uncommon trap: reason=unreached action=reinterpret pc=0x00000203f6f06a78 method=java.io.BufferedOutputStream.flush()V @ 28 c2
Event: 13320.089 Thread 0x00000203c89278f0 DEOPT PACKING pc=0x00000203f6f06a78 sp=0x0000003b2f2ff340
Event: 13320.089 Thread 0x00000203c89278f0 DEOPT UNPACKING pc=0x00000203f6724402 sp=0x0000003b2f2ff140 mode 2
Event: 20657.207 Thread 0x00000203c89278f0 Uncommon trap: trap_request=0xffffff9d fr.pc=0x00000203f6ed0750 relative=0x00000000000044b0
Event: 20657.207 Thread 0x00000203c89278f0 Uncommon trap: reason=unreached action=reinterpret pc=0x00000203f6ed0750 method=java.io.BufferedOutputStream.flush()V @ 28 c2
Event: 20657.210 Thread 0x00000203c89278f0 DEOPT PACKING pc=0x00000203f6ed0750 sp=0x0000003b2f2ff3e0
Event: 20657.211 Thread 0x00000203c89278f0 DEOPT UNPACKING pc=0x00000203f6724402 sp=0x0000003b2f2fefc0 mode 2
Event: 20657.220 Thread 0x00000203c89278f0 Uncommon trap: trap_request=0xffffff3d fr.pc=0x00000203f6f12bac relative=0x0000000000000fcc
Event: 20657.220 Thread 0x00000203c89278f0 Uncommon trap: reason=unstable_fused_if action=reinterpret pc=0x00000203f6f12bac method=java.io.BufferedOutputStream.growIfNeeded(I)V @ 10 c2
Event: 20657.220 Thread 0x00000203c89278f0 DEOPT PACKING pc=0x00000203f6f12bac sp=0x0000003b2f2ff1c0
Event: 20657.220 Thread 0x00000203c89278f0 DEOPT UNPACKING pc=0x00000203f6724402 sp=0x0000003b2f2feeb0 mode 2
Event: 20669.172 Thread 0x00000203c89278f0 Uncommon trap: trap_request=0xffffff9d fr.pc=0x00000203f6ee6728 relative=0x0000000000000488
Event: 20669.332 Thread 0x00000203c89278f0 Uncommon trap: reason=unreached action=reinterpret pc=0x00000203f6ee6728 method=java.io.BufferedOutputStream.flush()V @ 28 c2
Event: 20669.332 Thread 0x00000203c89278f0 DEOPT PACKING pc=0x00000203f6ee6728 sp=0x0000003b2f2ff010
Event: 20671.361 Thread 0x00000203c89278f0 DEOPT UNPACKING pc=0x00000203f6724402 sp=0x0000003b2f2fefd8 mode 2

Classes loaded (20 events):
Event: 1.113 Loading class java/nio/channels/SelectionKey
Event: 1.113 Loading class java/nio/channels/SelectionKey done
Event: 1.113 Loading class java/nio/channels/spi/AbstractSelectionKey done
Event: 1.113 Loading class sun/nio/ch/SelectionKeyImpl done
Event: 1.113 Loading class java/lang/invoke/ConstantBootstraps
Event: 1.113 Loading class java/lang/invoke/ConstantBootstraps done
Event: 1.135 Loading class java/util/concurrent/Executors$AutoShutdownDelegatedExecutorService
Event: 1.135 Loading class java/util/concurrent/Executors$AutoShutdownDelegatedExecutorService done
Event: 1.136 Loading class java/io/BufferedReader
Event: 1.136 Loading class java/io/BufferedReader done
Event: 1.136 Loading class sun/nio/cs/StreamDecoder
Event: 1.136 Loading class sun/nio/cs/StreamDecoder done
Event: 1.136 Loading class sun/nio/cs/UTF_8$Decoder
Event: 1.136 Loading class sun/nio/cs/UTF_8$Decoder done
Event: 1.340 Loading class java/util/AbstractList$ListItr
Event: 1.340 Loading class java/util/AbstractList$ListItr done
Event: 1.658 Loading class java/lang/invoke/MethodHandle$1
Event: 1.658 Loading class java/lang/invoke/MethodHandle$1 done
Event: 4937.448 Loading class java/lang/foreign/MemorySegment
Event: 4937.484 Loading class java/lang/foreign/MemorySegment done

Classes unloaded (0 events):
No events

Classes redefined (0 events):
No events

Internal exceptions (20 events):
Event: 0.777 Thread 0x00000203e47d29d0 Exception <a 'java/lang/NoSuchMethodError'{0x00000000fed7e070}: 'java.lang.Object java.lang.invoke.Invokers$Holder.invokeExact_MT(java.lang.Object, java.lang.Object, java.lang.Object, java.lang.Object, java.lang.Object)'> (0x00000000fed7e070) 
thrown [s\open\src\hotspot\share\interpreter\linkResolver.cpp, line 796]
Event: 0.784 Thread 0x00000203e47d29d0 Exception <a 'java/lang/NoSuchMethodError'{0x00000000fedb78d0}: 'java.lang.Object java.lang.invoke.DirectMethodHandle$Holder.invokeVirtual(java.lang.Object, java.lang.Object, java.lang.Object, java.lang.Object, java.lang.Object, java.lang.Object, java.lang.Object)'> (0x00000000fedb78d0) 
thrown [s\open\src\hotspot\share\interpreter\linkResolver.cpp, line 796]
Event: 0.790 Thread 0x00000203e47d29d0 Exception <a 'java/lang/NoSuchMethodError'{0x00000000fedf5b90}: 'java.lang.Object java.lang.invoke.DirectMethodHandle$Holder.invokeVirtual(java.lang.Object, java.lang.Object, java.lang.Object, java.lang.Object)'> (0x00000000fedf5b90) 
thrown [s\open\src\hotspot\share\interpreter\linkResolver.cpp, line 796]
Event: 0.814 Thread 0x00000203e47d29d0 Exception <a 'java/lang/NoSuchMethodError'{0x00000000feb451c0}: 'int java.lang.invoke.DirectMethodHandle$Holder.invokeVirtual(java.lang.Object, java.lang.Object, java.lang.Object)'> (0x00000000feb451c0) 
thrown [s\open\src\hotspot\share\interpreter\linkResolver.cpp, line 796]
Event: 0.836 Thread 0x00000203e47d29d0 Exception <a 'java/lang/NoSuchMethodError'{0x00000000fea87ac0}: 'java.lang.Object java.lang.invoke.DirectMethodHandle$Holder.invokeVirtual(java.lang.Object, java.lang.Object, java.lang.Object, java.lang.Object, java.lang.Object, java.lang.Object)'> (0x00000000fea87ac0) 
thrown [s\open\src\hotspot\share\interpreter\linkResolver.cpp, line 796]
Event: 0.850 Thread 0x00000203e47d29d0 Exception <a 'java/lang/NoSuchMethodError'{0x00000000fe96af90}: 'java.lang.Object java.lang.invoke.DirectMethodHandle$Holder.invokeVirtual(java.lang.Object, java.lang.Object, java.lang.Object, java.lang.Object, java.lang.Object)'> (0x00000000fe96af90) 
thrown [s\open\src\hotspot\share\interpreter\linkResolver.cpp, line 796]
Event: 0.870 Thread 0x00000203e47d29d0 Exception <a 'java/lang/NoSuchMethodError'{0x00000000fffdd9b0}: 'java.lang.Object java.lang.invoke.DirectMethodHandle$Holder.invokeSpecialIFC(java.lang.Object, java.lang.Object, java.lang.Object, java.lang.Object)'> (0x00000000fffdd9b0) 
thrown [s\open\src\hotspot\share\interpreter\linkResolver.cpp, line 796]
Event: 0.871 Thread 0x00000203e47d29d0 Exception <a 'java/lang/NoSuchMethodError'{0x00000000fffe6d38}: 'java.lang.Object java.lang.invoke.DirectMethodHandle$Holder.invokeVirtual(java.lang.Object, java.lang.Object, java.lang.Object, java.lang.Object, java.lang.Object, java.lang.Object, java.lang.Object, java.lang.Object)'> (0x00000000fffe6d38) 
thrown [s\open\src\hotspot\share\interpreter\linkResolver.cpp, line 796]
Event: 0.877 Thread 0x00000203e47d29d0 Exception <a 'java/lang/NoSuchMethodError'{0x00000000ffe4be78}: 'java.lang.Object java.lang.invoke.DirectMethodHandle$Holder.invokeVirtual(java.lang.Object, java.lang.Object, java.lang.Object, java.lang.Object, java.lang.Object, java.lang.Object, java.lang.Object, java.lang.Object, java.lang.Object)'> (0x00000000ffe4be78) 
thrown [s\open\src\hotspot\share\interpreter\linkResolver.cpp, line 796]
Event: 0.917 Thread 0x00000203e47d29d0 Exception <a 'java/lang/NoSuchMethodError'{0x00000000ffb03720}: 'java.lang.Object java.lang.invoke.DirectMethodHandle$Holder.invokeStaticInit(java.lang.Object, int, int, int, int)'> (0x00000000ffb03720) 
thrown [s\open\src\hotspot\share\interpreter\linkResolver.cpp, line 796]
Event: 1.033 Thread 0x00000203e47d29d0 Exception <a 'java/lang/NoSuchMethodError'{0x00000000ffbfd8d8}: 'java.lang.Object java.lang.invoke.DirectMethodHandle$Holder.invokeStaticInit(java.lang.Object, java.lang.Object, int, int, int, int)'> (0x00000000ffbfd8d8) 
thrown [s\open\src\hotspot\share\interpreter\linkResolver.cpp, line 796]
Event: 1.066 Thread 0x00000203e47d29d0 Implicit null exception at 0x00000203f6e55394 to 0x00000203f6e559dc
Event: 1.067 Thread 0x00000203e47d29d0 Exception <a 'java/lang/NoSuchMethodError'{0x00000000ff947bf8}: 'void java.lang.invoke.DirectMethodHandle$Holder.invokeInterface(java.lang.Object, java.lang.Object, java.lang.Object)'> (0x00000000ff947bf8) 
thrown [s\open\src\hotspot\share\interpreter\linkResolver.cpp, line 796]
Event: 13320.087 Thread 0x00000203c89278f0 Exception <a 'java/io/IOException'{0x00000000ff553ba0}> (0x00000000ff553ba0) 
thrown [s\open\src\hotspot\share\prims\jni.cpp, line 520]
Event: 19804.186 Thread 0x00000203c89278f0 Exception <a 'java/io/IOException'{0x00000000fe094510}> (0x00000000fe094510) 
thrown [s\open\src\hotspot\share\prims\jni.cpp, line 520]
Event: 20161.175 Thread 0x00000203c89278f0 Exception <a 'java/io/IOException'{0x00000000fddac490}> (0x00000000fddac490) 
thrown [s\open\src\hotspot\share\prims\jni.cpp, line 520]
Event: 20610.165 Thread 0x00000203c89278f0 Exception <a 'java/io/IOException'{0x00000000ffd94cc0}> (0x00000000ffd94cc0) 
thrown [s\open\src\hotspot\share\prims\jni.cpp, line 520]
Event: 20655.178 Thread 0x00000203c89278f0 Exception <a 'java/io/IOException'{0x00000000ffdf7a78}> (0x00000000ffdf7a78) 
thrown [s\open\src\hotspot\share\prims\jni.cpp, line 520]
Event: 20657.206 Thread 0x00000203c89278f0 Exception <a 'java/io/IOException'{0x00000000ffdf7dc0}> (0x00000000ffdf7dc0) 
thrown [s\open\src\hotspot\share\prims\jni.cpp, line 520]
Event: 20669.172 Thread 0x00000203c89278f0 Exception <a 'java/io/IOException'{0x00000000ffc156c8}> (0x00000000ffc156c8) 
thrown [s\open\src\hotspot\share\prims\jni.cpp, line 520]

VM Operations (20 events):
Event: 1.080 Executing VM operation: HandshakeAllThreads (Deoptimize)
Event: 1.080 Executing VM operation: HandshakeAllThreads (Deoptimize) done
Event: 1.340 Executing VM operation: HandshakeAllThreads (Deoptimize)
Event: 1.340 Executing VM operation: HandshakeAllThreads (Deoptimize) done
Event: 60.257 Executing VM operation: HandshakeAllThreads (HandshakeForDeflation)
Event: 60.257 Executing VM operation: HandshakeAllThreads (HandshakeForDeflation) done
Event: 60.257 Executing VM operation: RendezvousGCThreads
Event: 60.257 Executing VM operation: RendezvousGCThreads done
Event: 1689.051 Executing VM operation: G1CollectForAllocation (G1 Evacuation Pause)
Event: 1689.117 Executing VM operation: G1CollectForAllocation (G1 Evacuation Pause) done
Event: 4862.448 Executing VM operation: G1CollectForAllocation (G1 Evacuation Pause)
Event: 4862.479 Executing VM operation: G1CollectForAllocation (G1 Evacuation Pause) done
Event: 8417.844 Executing VM operation: G1CollectForAllocation (G1 Evacuation Pause)
Event: 8417.889 Executing VM operation: G1CollectForAllocation (G1 Evacuation Pause) done
Event: 12214.350 Executing VM operation: G1CollectForAllocation (G1 Evacuation Pause)
Event: 12214.397 Executing VM operation: G1CollectForAllocation (G1 Evacuation Pause) done
Event: 16163.749 Executing VM operation: G1CollectForAllocation (G1 Evacuation Pause)
Event: 16163.781 Executing VM operation: G1CollectForAllocation (G1 Evacuation Pause) done
Event: 20312.556 Executing VM operation: G1CollectForAllocation (G1 Evacuation Pause)
Event: 20312.582 Executing VM operation: G1CollectForAllocation (G1 Evacuation Pause) done

Memory protections (0 events):
No events

Nmethod flushes (0 events):
No events

Events (20 events):
Event: 0.598 Thread 0x00000203c316c590 Thread added: 0x00000203c8766f90
Event: 0.674 Thread 0x00000203c3a466e0 Thread exited: 0x00000203c3a466e0
Event: 0.676 Thread 0x00000203c3aaa020 Thread exited: 0x00000203c3aaa020
Event: 0.738 Thread 0x00000203e47d29d0 Thread added: 0x00000203c89278f0
Event: 1.035 Thread 0x00000203c37a7e50 Thread exited: 0x00000203c37a7e50
Event: 1.568 Thread 0x00000203c37b0650 Thread exited: 0x00000203c37b0650
Event: 1.568 Thread 0x00000203c35fae90 Thread exited: 0x00000203c35fae90
Event: 3.043 Thread 0x00000203c8766f90 Thread exited: 0x00000203c8766f90
Event: 3.744 Thread 0x00000203c8769f60 Thread exited: 0x00000203c8769f60
Event: 3.744 Thread 0x00000203c3241590 Thread exited: 0x00000203c3241590
Event: 7.245 Thread 0x00000203c316c590 Thread added: 0x00000203c8aaca40
Event: 8.551 Thread 0x00000203c8aaca40 Thread exited: 0x00000203c8aaca40
Event: 39.142 Thread 0x00000203c316c590 Thread added: 0x00000203c3819770
Event: 39.142 Thread 0x00000203c316c590 Thread added: 0x00000203c3819e30
Event: 39.142 Thread 0x00000203c316c590 Thread added: 0x00000203c381b500
Event: 40.246 Thread 0x00000203c3819e30 Thread exited: 0x00000203c3819e30
Event: 40.246 Thread 0x00000203c381b500 Thread exited: 0x00000203c381b500
Event: 44.143 Thread 0x00000203c3819770 Thread exited: 0x00000203c3819770
Event: 12784.656 Thread 0x00000203c316c590 Thread added: 0x00000203c3abaf00
Event: 12789.678 Thread 0x00000203c3abaf00 Thread exited: 0x00000203c3abaf00


Dynamic libraries:
0x00007ff68bb60000 - 0x00007ff68bb70000 	C:\Program Files\Java\jdk-23\bin\java.exe
0x00007ffea34c0000 - 0x00007ffea3723000 	C:\WINDOWS\SYSTEM32\ntdll.dll
0x00007ffea1e00000 - 0x00007ffea1ec8000 	C:\WINDOWS\System32\KERNEL32.DLL
0x00007ffea0a10000 - 0x00007ffea0dc2000 	C:\WINDOWS\System32\KERNELBASE.dll
0x00007ffea0fa0000 - 0x00007ffea10eb000 	C:\WINDOWS\System32\ucrtbase.dll
0x00007ffe96180000 - 0x00007ffe96197000 	C:\Program Files\Java\jdk-23\bin\jli.dll
0x00007ffe961a0000 - 0x00007ffe961bb000 	C:\Program Files\Java\jdk-23\bin\VCRUNTIME140.dll
0x00007ffea2450000 - 0x00007ffea2618000 	C:\WINDOWS\System32\USER32.dll
0x00007ffe8c200000 - 0x00007ffe8c490000 	C:\WINDOWS\WinSxS\amd64_microsoft.windows.common-controls_6595b64144ccf1df_6.0.26100.2454_none_3e0b68a2e331ad60\COMCTL32.dll
0x00007ffea0890000 - 0x00007ffea08b7000 	C:\WINDOWS\System32\win32u.dll
0x00007ffea2620000 - 0x00007ffea264a000 	C:\WINDOWS\System32\GDI32.dll
0x00007ffea1ed0000 - 0x00007ffea1f79000 	C:\WINDOWS\System32\msvcrt.dll
0x00007ffea0e70000 - 0x00007ffea0f9b000 	C:\WINDOWS\System32\gdi32full.dll
0x00007ffea10f0000 - 0x00007ffea1193000 	C:\WINDOWS\System32\msvcp_win.dll
0x00007ffea1f80000 - 0x00007ffea1faf000 	C:\WINDOWS\System32\IMM32.DLL
0x00007ffe98670000 - 0x00007ffe9867c000 	C:\Program Files\Java\jdk-23\bin\vcruntime140_1.dll
0x00007ffe75dc0000 - 0x00007ffe75e4e000 	C:\Program Files\Java\jdk-23\bin\msvcp140.dll
0x00007ffe49c80000 - 0x00007ffe4a9d0000 	C:\Program Files\Java\jdk-23\bin\server\jvm.dll
0x00007ffea2c60000 - 0x00007ffea2d14000 	C:\WINDOWS\System32\ADVAPI32.dll
0x00007ffea2380000 - 0x00007ffea2426000 	C:\WINDOWS\System32\sechost.dll
0x00007ffea32d0000 - 0x00007ffea33e6000 	C:\WINDOWS\System32\RPCRT4.dll
0x00007ffea2ec0000 - 0x00007ffea2f34000 	C:\WINDOWS\System32\WS2_32.dll
0x00007ffe961c0000 - 0x00007ffe961f6000 	C:\WINDOWS\SYSTEM32\WINMM.dll
0x00007ffea0670000 - 0x00007ffea06be000 	C:\WINDOWS\SYSTEM32\POWRPROF.dll
0x00007ffe9a630000 - 0x00007ffe9a63b000 	C:\WINDOWS\SYSTEM32\VERSION.dll
0x00007ffea0540000 - 0x00007ffea0554000 	C:\WINDOWS\SYSTEM32\UMPDC.dll
0x00007ffe9f6d0000 - 0x00007ffe9f6ea000 	C:\WINDOWS\SYSTEM32\kernel.appcore.dll
0x00007ffe973a0000 - 0x00007ffe973aa000 	C:\Program Files\Java\jdk-23\bin\jimage.dll
0x00007ffe9dfe0000 - 0x00007ffe9e221000 	C:\WINDOWS\SYSTEM32\DBGHELP.DLL
0x00007ffea2f40000 - 0x00007ffea32be000 	C:\WINDOWS\System32\combase.dll
0x00007ffea1c40000 - 0x00007ffea1d16000 	C:\WINDOWS\System32\OLEAUT32.dll
0x00007ffe8c500000 - 0x00007ffe8c539000 	C:\WINDOWS\SYSTEM32\dbgcore.DLL
0x00007ffea0dd0000 - 0x00007ffea0e69000 	C:\WINDOWS\System32\bcryptPrimitives.dll
0x00007ffe93da0000 - 0x00007ffe93dbe000 	C:\Program Files\Java\jdk-23\bin\java.dll
0x00007ffea2000000 - 0x00007ffea2199000 	C:\WINDOWS\System32\ole32.dll
0x00007ffea1530000 - 0x00007ffea1c31000 	C:\WINDOWS\System32\SHELL32.dll
0x00007ffe9e570000 - 0x00007ffe9eda1000 	C:\WINDOWS\SYSTEM32\windows.storage.dll
0x00007ffea2b00000 - 0x00007ffea2bda000 	C:\WINDOWS\System32\SHCORE.dll
0x00007ffea1d20000 - 0x00007ffea1d7d000 	C:\WINDOWS\System32\shlwapi.dll
0x00007ffea07a0000 - 0x00007ffea07ce000 	C:\WINDOWS\SYSTEM32\profapi.dll
0x00007ffe57c70000 - 0x00007ffe57d47000 	C:\Program Files\Java\jdk-23\bin\jsvml.dll
0x00007ffe96580000 - 0x00007ffe96590000 	C:\Program Files\Java\jdk-23\bin\net.dll
0x00007ffe9fbd0000 - 0x00007ffe9fc38000 	C:\WINDOWS\system32\mswsock.dll
0x00007ffe93a60000 - 0x00007ffe93a76000 	C:\Program Files\Java\jdk-23\bin\nio.dll
0x00007ffe8d7c0000 - 0x00007ffe8d7d7000 	C:\Program Files\Java\jdk-23\bin\zip.dll
0x00007ffe93d90000 - 0x00007ffe93da0000 	C:\Program Files\Java\jdk-23\bin\verify.dll
0x00007ffe93c30000 - 0x00007ffe93c3a000 	C:\Program Files\Java\jdk-23\bin\management.dll
0x00007ffe93ac0000 - 0x00007ffe93acb000 	C:\Program Files\Java\jdk-23\bin\management_ext.dll
0x00007ffea2af0000 - 0x00007ffea2af8000 	C:\WINDOWS\System32\PSAPI.DLL
0x00007ffe76cd0000 - 0x00007ffe76cf7000 	C:\Users\shalh\.gradle\native\c067742578af261105cb4f569cf0c3c89f3d7b1fecec35dd04571415982c5e48\windows-amd64\native-platform.dll
0x00007ffe93e30000 - 0x00007ffe93e3a000 	C:\Users\shalh\.gradle\native\jansi\1.18\windows64\jansi.dll
0x00007ffe9fe80000 - 0x00007ffe9fe9c000 	C:\WINDOWS\SYSTEM32\CRYPTSP.dll
0x00007ffe9f630000 - 0x00007ffe9f668000 	C:\WINDOWS\system32\rsaenh.dll
0x00007ffe9fc70000 - 0x00007ffe9fc9b000 	C:\WINDOWS\SYSTEM32\USERENV.dll
0x00007ffea00b0000 - 0x00007ffea00d6000 	C:\WINDOWS\SYSTEM32\bcrypt.dll
0x00007ffe9fe70000 - 0x00007ffe9fe7c000 	C:\WINDOWS\SYSTEM32\CRYPTBASE.dll
0x00007ffe9f210000 - 0x00007ffe9f242000 	C:\WINDOWS\SYSTEM32\IPHLPAPI.DLL
0x00007ffea2650000 - 0x00007ffea265a000 	C:\WINDOWS\System32\NSI.dll
0x00007ffe929a0000 - 0x00007ffe929a9000 	C:\Program Files\Java\jdk-23\bin\extnet.dll
0x00007ffe926e0000 - 0x00007ffe926ee000 	C:\Program Files\Java\jdk-23\bin\sunmscapi.dll
0x00007ffea11a0000 - 0x00007ffea1316000 	C:\WINDOWS\System32\CRYPT32.dll
0x00007ffea0070000 - 0x00007ffea00a0000 	C:\WINDOWS\SYSTEM32\ncrypt.dll
0x00007ffea0020000 - 0x00007ffea005f000 	C:\WINDOWS\SYSTEM32\NTASN1.dll
0x00007ffe845f0000 - 0x00007ffe845f8000 	C:\WINDOWS\system32\wshunix.dll

dbghelp: loaded successfully - version: 4.0.5 - missing functions: none
symbol engine: initialized successfully - sym options: 0x614 - pdb path: .;C:\Program Files\Java\jdk-23\bin;C:\WINDOWS\SYSTEM32;C:\WINDOWS\WinSxS\amd64_microsoft.windows.common-controls_6595b64144ccf1df_6.0.26100.2454_none_3e0b68a2e331ad60;C:\Program Files\Java\jdk-23\bin\server;C:\Users\shalh\.gradle\native\c067742578af261105cb4f569cf0c3c89f3d7b1fecec35dd04571415982c5e48\windows-amd64;C:\Users\shalh\.gradle\native\jansi\1.18\windows64

VM Arguments:
jvm_args: -Xmx64m -Xms64m -Dorg.gradle.appname=gradlew 
java_command: org.gradle.wrapper.GradleWrapperMain bootRun
java_class_path (initial): C:/Users/shalh/Projects/storifyai-core/gradle/wrapper/gradle-wrapper.jar
Launcher Type: SUN_STANDARD

[Global flags]
     intx CICompilerCount                          = 12                                        {product} {ergonomic}
     uint ConcGCThreads                            = 3                                         {product} {ergonomic}
     uint G1ConcRefinementThreads                  = 13                                        {product} {ergonomic}
   size_t G1HeapRegionSize                         = 1048576                                   {product} {ergonomic}
   size_t InitialHeapSize                          = 67108864                                  {product} {command line}
   size_t MarkStackSize                            = 4194304                                   {product} {ergonomic}
   size_t MarkStackSizeMax                         = 536870912                                 {product} {ergonomic}
   size_t MaxHeapSize                              = 67108864                                  {product} {command line}
   size_t MaxNewSize                               = 39845888                                  {product} {ergonomic}
   size_t MinHeapDeltaBytes                        = 1048576                                   {product} {ergonomic}
   size_t MinHeapSize                              = 67108864                                  {product} {command line}
    uintx NonNMethodCodeHeapSize                   = 7602176                                {pd product} {ergonomic}
    uintx NonProfiledCodeHeapSize                  = 122093568                              {pd product} {ergonomic}
    uintx ProfiledCodeHeapSize                     = 121962496                              {pd product} {ergonomic}
    uintx ReservedCodeCacheSize                    = 251658240                              {pd product} {ergonomic}
     bool SegmentedCodeCache                       = true                                      {product} {ergonomic}
   size_t SoftMaxHeapSize                          = 67108864                               {manageable} {ergonomic}
     bool UseCompressedOops                        = true                           {product lp64_product} {ergonomic}
     bool UseG1GC                                  = true                                      {product} {ergonomic}
     bool UseLargePagesIndividualAllocation        = false                                  {pd product} {ergonomic}

Logging:
Log output configuration:
 #0: stdout all=warning uptime,level,tags foldmultilines=false
 #1: stderr all=off uptime,level,tags foldmultilines=false

Environment Variables:
PATH=C:\Users\shalh\.asdf\shims;C:\Users\shalh\.asdf\bin;C:\Program Files\Git\mingw64\bin;C:\Program Files\Git\usr\bin;C:\Users\shalh\bin;C:\Program Files\Common Files\Oracle\Java\javapath;C:\Program Files (x86)\Common Files\Oracle\Java\java8path;C:\Program Files (x86)\Common Files\Oracle\Java\javapath;C:\Windows\system32;C:\Windows;C:\Windows\System32\Wbem;C:\Windows\System32\WindowsPowerShell\v1.0;C:\Windows\System32\OpenSSH;C:\WINDOWS\system32;C:\WINDOWS;C:\WINDOWS\System32\Wbem;C:\WINDOWS\System32\WindowsPowerShell\v1.0;C:\WINDOWS\System32\OpenSSH;C:\Program Files\Git\cmd;C:\ProgramData\chocolatey\bin;C:\TDM-GCC-64\bin;C:\Program Files\dotnet;C:\Program Files (x86)\NVIDIA Corporation\PhysX\Common;C:\Users\shalh\AppData\Roaming\nvm;C:\Program Files\nodejs;C:\Program Files\Go\bin;C:\Program Files\NVIDIA Corporation\NVIDIA app\NvDLISR;C:\Users\shalh\Projects\roop-unleashed\installer\installer_files\ffmpeg\bin;C:\Users\shalh\Projects\roop-unleashed\installer\installer_files\env;C:\Users\shalh\Projects\roop-unleashed\installer\installer_files\env\Library\mingw-w64\bin;C:\Users\shalh\Projects\roop-unleashed\installer\installer_files\env\Library\usr\bin;C:\Users\shalh\Projects\roop-unleashed\installer\installer_files\env\Library\bin;C:\Users\shalh\Projects\roop-unleashed\installer\installer_files\env\Scripts;C:\Users\shalh\Projects\roop-unleashed\installer\installer_files\env\bin;C:\Users\shalh\Projects\roop-unleashed\installer\installer_files\conda\condabin;C:\Program Files\Common Files\Oracle\Java\javapath;C:\Windows\system32;C:\Windows;C:\Windows\System32\Wbem;C:\Windows\System32\WindowsPowerShell\v1.0;C:\Windows\System32\OpenSSH;C:\WINDOWS\system32;C:\WINDOWS;C:\WINDOWS\System32\Wbem;C:\WINDOWS\System32\WindowsPowerShell\v1.0;C:\WINDOWS\System32\OpenSSH;C:\Program Files\Git\cmd;C:\ProgramData\chocolatey\bin;C:\TDM-GCC-64\bin;C:\Program Fi;C:\Users\shalh\AppData\Local\Programs\Microsoft VS Code\bin;C:\Users\shalh\AppData\Roaming\nvm;C:\Program Files\nodejs;C:\Users\shalh\AppData\Roaming\nvm\v20.9.0;C:\Program Files\JetBrains\IntelliJ IDEA 2024.3.1.1\bin;~\AppData\Local\Programs\Python\Python312;C;C:\Users\shalh\AppData\Local\Programs\Python\Python312\Scripts
USERNAME=shalh
TERM=xterm-256color
OS=Windows_NT
PROCESSOR_IDENTIFIER=AMD64 Family 25 Model 80 Stepping 0, AuthenticAMD
TMP=C:\Users\shalh\AppData\Local\Temp
TEMP=C:\Users\shalh\AppData\Local\Temp




Periodic native trim disabled

---------------  S Y S T E M  ---------------

OS:
 Windows 11 , 64 bit Build 26100 (10.0.26100.2454)
OS uptime: 16 days 6:34 hours
Hyper-V role detected

CPU: total 16 (initial active 16) (16 cores per cpu, 2 threads per core) family 25 model 80 stepping 0 microcode 0xa50000c, cx8, cmov, fxsr, ht, mmx, 3dnowpref, sse, sse2, sse3, ssse3, sse4a, sse4.1, sse4.2, popcnt, lzcnt, tsc, tscinvbit, avx, avx2, aes, erms, clmul, bmi1, bmi2, adx, sha, fma, vzeroupper, clflush, clflushopt, hv, rdtscp, rdpid, fsrm, f16c, cet_ss
Processor Information for the first 16 processors :
  Max Mhz: 3301, Current Mhz: 3301, Mhz Limit: 3301

Memory: 4k page, system-wide physical 15776M (2433M free)
TotalPageFile size 64928M (AvailPageFile size 0M)
current process WorkingSet (physical memory assigned to process): 46M, peak: 112M
current process commit charge ("private bytes"): 182M, peak: 201M

vm_info: Java HotSpot(TM) 64-Bit Server VM (23.0.2+7-58) for windows-amd64 JRE (23.0.2+7-58), built on 2024-11-29T09:34:55Z with MS VC++ 17.6 (VS2022)

END.
